app/build/intermediates/manifest_merge_blame_file/debug/manifest-merger-blame-debug-report.txt
1<?xml version="1.0" encoding="utf-8"?>
2<manifest xmlns:android="http://schemas.android.com/apk/res/android"
3    package="com.example.kotlinsample"
4    android:versionCode="1"
5    android:versionName="1.0" >
6
7    <uses-sdk
8        android:minSdkVersion="29"
8-->src/main/AndroidManifest.xml
9        android:targetSdkVersion="33" />
9-->src/main/AndroidManifest.xml
10
11    <permission
11-->[androidx.core:core:1.9.0] AndroidManifest.xml:22:5-24:47
12        android:name="com.example.kotlinsample.DYNAMIC_RECEIVER_NOT_EXPORTED_PERMISSION"
12-->[androidx.core:core:1.9.0] AndroidManifest.xml:23:9-81
13        android:protectionLevel="signature" />
13-->[androidx.core:core:1.9.0] AndroidManifest.xml:24:9-44
14
15    <uses-permission android:name="com.example.kotlinsample.DYNAMIC_RECEIVER_NOT_EXPORTED_PERMISSION" />
15-->[androidx.core:core:1.9.0] AndroidManifest.xml:26:5-97
15-->[androidx.core:core:1.9.0] AndroidManifest.xml:26:22-94
16
17    <application
17-->src/main/AndroidManifest.xml:5:5-48:19
18        android:allowBackup="true"
18-->src/main/AndroidManifest.xml:6:9-35
19        android:appComponentFactory="androidx.core.app.CoreComponentFactory"
19-->[androidx.core:core:1.9.0] AndroidManifest.xml:28:18-86
20        android:dataExtractionRules="@xml/data_extraction_rules"
20-->src/main/AndroidManifest.xml:7:9-65
21        android:debuggable="true"
22        android:extractNativeLibs="false"
23        android:fullBackupContent="@xml/backup_rules"
23-->src/main/AndroidManifest.xml:8:9-54
24        android:icon="@mipmap/ic_launcher"
24-->src/main/AndroidManifest.xml:9:9-43
25        android:label="@string/app_name"
25-->src/main/AndroidManifest.xml:10:9-41
26        android:roundIcon="@mipmap/ic_launcher_round"
26-->src/main/AndroidManifest.xml:11:9-54
27        android:supportsRtl="true"
27-->src/main/AndroidManifest.xml:12:9-35
28        android:theme="@style/Theme.KotlinSample" >
28-->src/main/AndroidManifest.xml:13:9-50
29        <activity
29-->src/main/AndroidManifest.xml:15:9-18:40
30            android:name="com.example.kotlinsample.ControlKotlinActivity"
30-->src/main/AndroidManifest.xml:16:13-50
31            android:exported="false"
31-->src/main/AndroidManifest.xml:18:13-37
32            android:label="ControlKotlin" />
32-->src/main/AndroidManifest.xml:17:13-42
33        <activity
33-->src/main/AndroidManifest.xml:19:9-22:40
34            android:name="com.example.kotlinsample.ControlJavaActivity"
34-->src/main/AndroidManifest.xml:20:13-48
35            android:exported="false"
35-->src/main/AndroidManifest.xml:22:13-37
36            android:label="ControlJava" />
36-->src/main/AndroidManifest.xml:21:13-40
37        <activity
37-->src/main/AndroidManifest.xml:23:9-26:46
38            android:name="com.example.kotlinsample.VariableKotlinActivity"
38-->src/main/AndroidManifest.xml:24:13-51
39            android:exported="false"
39-->src/main/AndroidManifest.xml:25:13-37
40            android:label="VariableKotlin" />
40-->src/main/AndroidManifest.xml:26:13-43
41        <activity
41-->src/main/AndroidManifest.xml:27:9-30:44
42            android:name="com.example.kotlinsample.VariableJavaActivity"
42-->src/main/AndroidManifest.xml:28:13-49
43            android:exported="false"
43-->src/main/AndroidManifest.xml:29:13-37
44            android:label="VariableJava" />
44-->src/main/AndroidManifest.xml:30:13-41
45        <activity
45-->src/main/AndroidManifest.xml:31:9-34:49
46            android:name="com.example.kotlinsample.BmiKotlinActivity"
46-->src/main/AndroidManifest.xml:32:13-46
47            android:exported="false"
47-->src/main/AndroidManifest.xml:33:13-37
48            android:label="BmiKotlinActivity" />
48-->src/main/AndroidManifest.xml:34:13-46
49        <activity
49-->src/main/AndroidManifest.xml:35:9-38:47
50            android:name="com.example.kotlinsample.BmiJavaActivity"
50-->src/main/AndroidManifest.xml:36:13-44
51            android:exported="false"
51-->src/main/AndroidManifest.xml:37:13-37
52            android:label="BmiJavaActivity" />
52-->src/main/AndroidManifest.xml:38:13-44
53        <activity
53-->src/main/AndroidManifest.xml:39:9-47:20
54            android:name="com.example.kotlinsample.MainActivity"
54-->src/main/AndroidManifest.xml:40:13-41
55            android:exported="true" >
55-->src/main/AndroidManifest.xml:41:13-36
56            <intent-filter>
56-->src/main/AndroidManifest.xml:42:13-46:29
57                <action android:name="android.intent.action.MAIN" />
57-->src/main/AndroidManifest.xml:43:17-69
57-->src/main/AndroidManifest.xml:43:25-66
58
59                <category android:name="android.intent.category.LAUNCHER" />
59-->src/main/AndroidManifest.xml:45:17-77
59-->src/main/AndroidManifest.xml:45:27-74
60            </intent-filter>
61        </activity>
62
63        <provider
63-->[androidx.emoji2:emoji2:1.2.0] AndroidManifest.xml:24:9-32:20
64            android:name="androidx.startup.InitializationProvider"
64-->[androidx.emoji2:emoji2:1.2.0] AndroidManifest.xml:25:13-67
65            android:authorities="com.example.kotlinsample.androidx-startup"
65-->[androidx.emoji2:emoji2:1.2.0] AndroidManifest.xml:26:13-68
66            android:exported="false" >
66-->[androidx.emoji2:emoji2:1.2.0] AndroidManifest.xml:27:13-37
67            <meta-data
67-->[androidx.emoji2:emoji2:1.2.0] AndroidManifest.xml:29:13-31:52
68                android:name="androidx.emoji2.text.EmojiCompatInitializer"
68-->[androidx.emoji2:emoji2:1.2.0] AndroidManifest.xml:30:17-75
69                android:value="androidx.startup" />
69-->[androidx.emoji2:emoji2:1.2.0] AndroidManifest.xml:31:17-49
70            <meta-data
70-->[androidx.lifecycle:lifecycle-process:2.4.1] AndroidManifest.xml:31:13-33:52
71                android:name="androidx.lifecycle.ProcessLifecycleInitializer"
71-->[androidx.lifecycle:lifecycle-process:2.4.1] AndroidManifest.xml:32:17-78
72                android:value="androidx.startup" />
72-->[androidx.lifecycle:lifecycle-process:2.4.1] AndroidManifest.xml:33:17-49
73        </provider>
74    </application>
75
76</manifest>